<?xml version="1.0" encoding="UTF-8"?>
<!-- Generated by org.testng.reporters.JUnitReportReporter -->
<testsuite skipped="0" hostname="LAPTOP-3A3IBJ29" name="myclass" tests="1" failures="0" timestamp="24 Sep 2018 12:00:56 GMT" time="11.887" errors="0">
  <testcase name="f" time="11.887" classname="myclass"/>
</testsuite> <!-- myclass -->
