<?xml version="1.0" encoding="UTF-8"?>
<!-- Generated by org.testng.reporters.JUnitReportReporter -->
<testsuite skipped="0" hostname="LAPTOP-3A3IBJ29" name="com.mygroup.mymavenproject.AppTest" tests="1" failures="0" timestamp="24 Sep 2018 11:37:27 GMT" time="0.000" errors="0">
  <testcase name="testApp" time="0.000" classname="com.mygroup.mymavenproject.AppTest"/>
</testsuite> <!-- com.mygroup.mymavenproject.AppTest -->
